2019-07-02T07:52:41+00:00 NOTICE Unable to download GeoIP Database: Not Found
2019-07-02T07:52:41+00:00 NOTICE Unable to download GeoIP Database: Not Found
2019-08-02T10:47:39+00:00 NOTICE Unable to download GeoIP Database: Not Found
2019-08-02T10:47:39+00:00 NOTICE Unable to download GeoIP Database: Not Found
2019-09-02T12:08:03+00:00 NOTICE Unable to download GeoIP Database: Not Found
2019-09-02T12:08:03+00:00 NOTICE Unable to download GeoIP Database: Not Found
2019-10-02T09:02:47+00:00 NOTICE Unable to download GeoIP Database: Not Found
2019-10-02T09:02:47+00:00 NOTICE Unable to download GeoIP Database: Not Found
2019-11-02T06:41:21+00:00 NOTICE Unable to download GeoIP Database: Not Found
2019-11-02T06:41:21+00:00 NOTICE Unable to download GeoIP Database: Not Found
2020-01-23T23:03:45+00:00 NOTICE Unable to download GeoIP Database: cURL error 52: Empty reply from server
2020-01-23T23:03:45+00:00 NOTICE Unable to download GeoIP Database: cURL error 52: Empty reply from server
2020-02-06T16:44:08+00:00 NOTICE Unable to download GeoIP Database: cURL error 28: Connection timed out after 10000 milliseconds
2020-02-06T16:44:08+00:00 NOTICE Unable to download GeoIP Database: cURL error 28: Connection timed out after 10001 milliseconds
2020-03-07T00:02:18+00:00 NOTICE Unable to download GeoIP Database: cURL error 28: Connection timed out after 10001 milliseconds
2020-03-07T00:02:18+00:00 NOTICE Unable to download GeoIP Database: cURL error 28: Connection timed out after 10001 milliseconds
2020-05-02T10:38:23+00:00 NOTICE Unable to download GeoIP Database: cURL error 28: Connection timed out after 10001 milliseconds
2020-06-03T07:25:27+00:00 NOTICE Unable to download GeoIP Database: cURL error 28: Connection timed out after 10001 milliseconds
2020-07-02T11:29:58+00:00 NOTICE Unable to download GeoIP Database: cURL error 28: Connection timed out after 10001 milliseconds
2020-08-02T12:40:17+00:00 NOTICE Unable to download GeoIP Database: cURL error 28: Connection timed out after 10001 milliseconds
2020-11-03T12:47:21+00:00 NOTICE Unable to download GeoIP Database: cURL error 7: Failed connect to geolite.maxmind.com:80; Connection refused
2020-11-03T12:47:21+00:00 NOTICE Unable to download GeoIP Database: cURL error 7: Failed connect to geolite.maxmind.com:80; Connection refused
2020-12-02T08:03:12+00:00 NOTICE Unable to download GeoIP Database: cURL error 7: Failed connect to geolite.maxmind.com:80; Connection refused
2020-12-02T08:03:12+00:00 NOTICE Unable to download GeoIP Database: cURL error 7: Failed connect to geolite.maxmind.com:80; Connection refused
2021-01-11T22:49:29+00:00 NOTICE Unable to download GeoIP Database: cURL error 7: Failed connect to geolite.maxmind.com:80; Connection refused
2021-01-11T22:49:29+00:00 NOTICE Unable to download GeoIP Database: cURL error 7: Failed connect to geolite.maxmind.com:80; Connection refused
2021-02-02T20:35:58+00:00 NOTICE Unable to download GeoIP Database: cURL error 7: Failed connect to geolite.maxmind.com:80; Connection refused
2021-02-02T20:35:58+00:00 NOTICE Unable to download GeoIP Database: cURL error 7: Failed connect to geolite.maxmind.com:80; Connection refused
2021-03-02T07:42:45+00:00 NOTICE Unable to download GeoIP Database: cURL error 7: Failed connect to geolite.maxmind.com:80; Connection refused
2021-03-02T07:42:45+00:00 NOTICE Unable to download GeoIP Database: cURL error 7: Failed connect to geolite.maxmind.com:80; Connection refused
2021-04-02T03:24:50+00:00 NOTICE Unable to download GeoIP Database: cURL error 7: Failed connect to geolite.maxmind.com:80; Connection refused
2021-04-02T03:24:50+00:00 NOTICE Unable to download GeoIP Database: cURL error 7: Failed connect to geolite.maxmind.com:80; Connection refused
2021-05-02T06:51:27+00:00 NOTICE Unable to download GeoIP Database: cURL error 7: Failed connect to geolite.maxmind.com:80; Connection refused
2021-05-02T06:51:27+00:00 NOTICE Unable to download GeoIP Database: cURL error 7: Failed connect to geolite.maxmind.com:80; Connection refused
2021-06-02T16:52:14+00:00 NOTICE Unable to download GeoIP Database: cURL error 7: Failed connect to geolite.maxmind.com:80; Connection refused
2021-06-02T16:52:14+00:00 NOTICE Unable to download GeoIP Database: cURL error 7: Failed connect to geolite.maxmind.com:80; Connection refused
2021-07-02T11:19:50+00:00 NOTICE Unable to download GeoIP Database: cURL error 7: Failed connect to geolite.maxmind.com:80; Connection refused
2021-07-02T11:19:50+00:00 NOTICE Unable to download GeoIP Database: cURL error 7: Failed connect to geolite.maxmind.com:80; Connection refused
2021-08-02T04:02:35+00:00 NOTICE Unable to download GeoIP Database: cURL error 7: Failed connect to geolite.maxmind.com:80; Connection refused
2021-08-02T04:02:35+00:00 NOTICE Unable to download GeoIP Database: cURL error 7: Failed connect to geolite.maxmind.com:80; Connection refused
2021-09-02T05:42:25+00:00 NOTICE Unable to download GeoIP Database: cURL error 7: Failed connect to geolite.maxmind.com:80; Connection refused
2021-09-02T05:42:25+00:00 NOTICE Unable to download GeoIP Database: cURL error 7: Failed connect to geolite.maxmind.com:80; Connection refused
2021-10-02T05:46:40+00:00 NOTICE Unable to download GeoIP Database: cURL error 7: Failed connect to geolite.maxmind.com:80; Connection refused
2021-10-02T05:46:40+00:00 NOTICE Unable to download GeoIP Database: cURL error 7: Failed connect to geolite.maxmind.com:80; Connection refused
2021-11-02T11:52:18+00:00 NOTICE Unable to download GeoIP Database: cURL error 7: Failed connect to geolite.maxmind.com:80; Connection refused
2021-11-02T11:52:18+00:00 NOTICE Unable to download GeoIP Database: cURL error 7: Failed connect to geolite.maxmind.com:80; Connection refused
2021-12-21T14:54:29+00:00 NOTICE Unable to download GeoIP Database: cURL error 6: Could not resolve host: geolite.maxmind.com; Unknown error
2021-12-21T14:54:29+00:00 NOTICE Unable to download GeoIP Database: cURL error 6: Could not resolve host: geolite.maxmind.com; Unknown error
2022-01-02T10:11:44+00:00 NOTICE Unable to download GeoIP Database: cURL error 6: Could not resolve host: geolite.maxmind.com; Unknown error
2022-01-02T10:11:44+00:00 NOTICE Unable to download GeoIP Database: cURL error 6: Could not resolve host: geolite.maxmind.com; Unknown error
2022-02-02T03:34:43+00:00 NOTICE Unable to download GeoIP Database: cURL error 6: Could not resolve host: geolite.maxmind.com; Unknown error
2022-02-02T03:34:43+00:00 NOTICE Unable to download GeoIP Database: cURL error 6: Could not resolve host: geolite.maxmind.com; Unknown error
2022-03-02T08:44:49+00:00 NOTICE Unable to download GeoIP Database: cURL error 6: Could not resolve host: geolite.maxmind.com; Unknown error
2022-03-02T08:44:49+00:00 NOTICE Unable to download GeoIP Database: cURL error 6: Could not resolve host: geolite.maxmind.com; Unknown error
2022-04-02T08:06:23+00:00 NOTICE Unable to download GeoIP Database: cURL error 6: Could not resolve host: geolite.maxmind.com; Unknown error
2022-04-02T08:06:23+00:00 NOTICE Unable to download GeoIP Database: cURL error 6: Could not resolve host: geolite.maxmind.com; Unknown error
2022-05-02T08:18:30+00:00 NOTICE Unable to download GeoIP Database: cURL error 6: Could not resolve host: geolite.maxmind.com; Unknown error
2022-05-02T08:18:30+00:00 NOTICE Unable to download GeoIP Database: cURL error 6: Could not resolve host: geolite.maxmind.com; Unknown error
2022-06-02T03:04:20+00:00 NOTICE Unable to download GeoIP Database: cURL error 6: Could not resolve host: geolite.maxmind.com; Unknown error
2022-06-02T03:04:20+00:00 NOTICE Unable to download GeoIP Database: cURL error 6: Could not resolve host: geolite.maxmind.com; Unknown error
2022-07-02T14:02:12+00:00 NOTICE Unable to download GeoIP Database: cURL error 6: Could not resolve host: geolite.maxmind.com; Unknown error
2022-07-02T14:02:12+00:00 NOTICE Unable to download GeoIP Database: cURL error 6: Could not resolve host: geolite.maxmind.com; Unknown error
2022-08-02T09:36:51+00:00 NOTICE Unable to download GeoIP Database: cURL error 6: Could not resolve host: geolite.maxmind.com; Unknown error
2022-08-02T09:36:51+00:00 NOTICE Unable to download GeoIP Database: cURL error 6: Could not resolve host: geolite.maxmind.com; Unknown error
2022-09-03T03:52:00+00:00 NOTICE Unable to download GeoIP Database: cURL error 6: Could not resolve host: geolite.maxmind.com; Unknown error
2022-09-03T03:52:00+00:00 NOTICE Unable to download GeoIP Database: cURL error 6: Could not resolve host: geolite.maxmind.com; Unknown error
2022-10-02T03:26:14+00:00 NOTICE Unable to download GeoIP Database: cURL error 6: Could not resolve host: geolite.maxmind.com; Unknown error
2022-10-02T03:26:14+00:00 NOTICE Unable to download GeoIP Database: cURL error 6: Could not resolve host: geolite.maxmind.com; Unknown error
2022-11-02T09:19:06+00:00 NOTICE Unable to download GeoIP Database: cURL error 6: Could not resolve host: geolite.maxmind.com; Unknown error
2022-11-02T09:19:06+00:00 NOTICE Unable to download GeoIP Database: cURL error 6: Could not resolve host: geolite.maxmind.com; Unknown error
